<?xml version="1.0" encoding="UTF-8"?>
<testsuite name="org.pivot4j.mdx.MdxParserTest" time="2.17" tests="18" errors="0" skipped="0" failures="0">
  <properties>
[...]
</properties>
  <testcase name="testParseMemberExpressionWithCalculation" classname="org.pivot4j.mdx.MdxParserTest" time="2.011"/>
  <testcase name="testParseMemberExpressionInWithSet" classname="org.pivot4j.mdx.MdxParserTest" time="0.124"/>
  <testcase name="testParseEmptyAxis" classname="org.pivot4j.mdx.MdxParserTest" time="0"/>
  <testcase name="testGenerateSingleAxis" classname="org.pivot4j.mdx.MdxParserTest" time="0"/>
  <testcase name="testGenerateEmptyAxis" classname="org.pivot4j.mdx.MdxParserTest" time="0"/>
  <testcase name="testParseWithMemberProperties" classname="org.pivot4j.mdx.MdxParserTest" time="0.006"/>
  <testcase name="testGenerateBracketEscape" classname="org.pivot4j.mdx.MdxParserTest" time="0"/>
  <testcase name="testParseSingleAxis" classname="org.pivot4j.mdx.MdxParserTest" time="0.001"/>
  <testcase name="testParseOpeningBracket" classname="org.pivot4j.mdx.MdxParserTest" time="0.001"/>
  <testcase name="testParseMemberExpressionInWithMember" classname="org.pivot4j.mdx.MdxParserTest" time="0.001"/>
  <testcase name="testGenerateKeyIdentifier" classname="org.pivot4j.mdx.MdxParserTest" time="0"/>
  <testcase name="testParseSapVariables" classname="org.pivot4j.mdx.MdxParserTest" time="0.014"/>
  <testcase name="testParseMemberExpression" classname="org.pivot4j.mdx.MdxParserTest" time="0.001"/>
  <testcase name="testParseWithMember" classname="org.pivot4j.mdx.MdxParserTest" time="0.003"/>
  <testcase name="testParseBracketEscape" classname="org.pivot4j.mdx.MdxParserTest" time="0.002"/>
  <testcase name="testParseMemberExpressionEscape" classname="org.pivot4j.mdx.MdxParserTest" time="0.002"/>
  <testcase name="testParseValueExpression" classname="org.pivot4j.mdx.MdxParserTest" time="0.002"/>
  <testcase name="testParseKeyIdentifier" classname="org.pivot4j.mdx.MdxParserTest" time="0.002"/>
</testsuite>